# JRE version: Java(TM) SE Runtime Environment (8.0_45-b15) (build 1.8.0_45-b15)
# Java VM: Java HotSpot(TM) 64-Bit Server VM (25.45-b02 mixed mode windows-amd64 compressed oops)
Heap:
 PSYoungGen      total 560128K, used 124384K [0x000000076ab00000, 0x0000000797b00000, 0x00000007c0000000)
  eden space 453632K, 11% used [0x000000076ab00000,0x000000076dec66b8,0x0000000786600000)
  from space 106496K, 67% used [0x0000000786600000,0x000000078abb1b20,0x000000078ce00000)
  to   space 111104K, 0% used [0x0000000790e80000,0x0000000790e80000,0x0000000797b00000)
 ParOldGen       total 318976K, used 260435K [0x00000006c0000000, 0x00000006d3780000, 0x000000076ab00000)
  object space 318976K, 81% used [0x00000006c0000000,0x00000006cfe54f18,0x00000006d3780000)
 Metaspace       used 6452K, capacity 7284K, committed 7552K, reserved 1056768K
  class space    used 608K, capacity 620K, committed 640K, reserved 1048576K
GC Heap History (10 events):
Event: 6.166 GC heap before
{Heap before GC invocations=9 (full 1):
 PSYoungGen      total 291328K, used 285026K [0x000000076ab00000, 0x0000000791200000, 0x00000007c0000000)
  eden space 261120K, 100% used [0x000000076ab00000,0x000000077aa00000,0x000000077aa00000)
  from space 30208K, 79% used [0x000000077aa00000,0x000000077c158b50,0x000000077c780000)
  to   space 53760K, 0% used [0x000000078dd80000,0x000000078dd80000,0x0000000791200000)
 ParOldGen       total 177152K, used 87104K [0x00000006c0000000, 0x00000006cad00000, 0x000000076ab00000)
  object space 177152K, 49% used [0x00000006c0000000,0x00000006c55100a8,0x00000006cad00000)
 Metaspace       used 6406K, capacity 7284K, committed 7552K, reserved 1056768K
  class space    used 606K, capacity 620K, committed 640K, reserved 1048576K
Event: 6.287 GC heap after
Heap after GC invocations=9 (full 1):
 PSYoungGen      total 390144K, used 53733K [0x000000076ab00000, 0x0000000791200000, 0x00000007c0000000)
  eden space 336384K, 0% used [0x000000076ab00000,0x000000076ab00000,0x000000077f380000)
  from space 53760K, 99% used [0x000000078dd80000,0x00000007911f9660,0x0000000791200000)
  to   space 66560K, 0% used [0x0000000789000000,0x0000000789000000,0x000000078d100000)
 ParOldGen       total 177152K, used 94775K [0x00000006c0000000, 0x00000006cad00000, 0x000000076ab00000)
  object space 177152K, 53% used [0x00000006c0000000,0x00000006c5c8dfe0,0x00000006cad00000)
 Metaspace       used 6406K, capacity 7284K, committed 7552K, reserved 1056768K
  class space    used 606K, capacity 620K, committed 640K, reserved 1048576K
}
Event: 7.500 GC heap before
{Heap before GC invocations=10 (full 1):
 PSYoungGen      total 390144K, used 390117K [0x000000076ab00000, 0x0000000791200000, 0x00000007c0000000)
  eden space 336384K, 100% used [0x000000076ab00000,0x000000077f380000,0x000000077f380000)
  from space 53760K, 99% used [0x000000078dd80000,0x00000007911f9660,0x0000000791200000)
  to   space 66560K, 0% used [0x0000000789000000,0x0000000789000000,0x000000078d100000)
 ParOldGen       total 177152K, used 95141K [0x00000006c0000000, 0x00000006cad00000, 0x000000076ab00000)
  object space 177152K, 53% used [0x00000006c0000000,0x00000006c5ce9520,0x00000006cad00000)
 Metaspace       used 6429K, capacity 7284K, committed 7552K, reserved 1056768K
  class space    used 607K, capacity 620K, committed 640K, reserved 1048576K
Event: 7.671 GC heap after
Heap after GC invocations=10 (full 1):
 PSYoungGen      total 467456K, used 66538K [0x000000076ab00000, 0x000000078ec80000, 0x00000007c0000000)
  eden space 400896K, 0% used [0x000000076ab00000,0x000000076ab00000,0x0000000783280000)
  from space 66560K, 99% used [0x0000000789000000,0x000000078d0fa8c8,0x000000078d100000)
  to   space 28160K, 0% used [0x000000078d100000,0x000000078d100000,0x000000078ec80000)
 ParOldGen       total 177152K, used 137550K [0x00000006c0000000, 0x00000006cad00000, 0x000000076ab00000)
  object space 177152K, 77% used [0x00000006c0000000,0x00000006c8653b50,0x00000006cad00000)
 Metaspace       used 6429K, capacity 7284K, committed 7552K, reserved 1056768K
  class space    used 607K, capacity 620K, committed 640K, reserved 1048576K
}
Event: 7.671 GC heap before
{Heap before GC invocations=11 (full 2):
 PSYoungGen      total 467456K, used 66538K [0x000000076ab00000, 0x000000078ec80000, 0x00000007c0000000)
  eden space 400896K, 0% used [0x000000076ab00000,0x000000076ab00000,0x0000000783280000)
  from space 66560K, 99% used [0x0000000789000000,0x000000078d0fa8c8,0x000000078d100000)
  to   space 28160K, 0% used [0x000000078d100000,0x000000078d100000,0x000000078ec80000)
 ParOldGen       total 177152K, used 137550K [0x00000006c0000000, 0x00000006cad00000, 0x000000076ab00000)
  object space 177152K, 77% used [0x00000006c0000000,0x00000006c8653b50,0x00000006cad00000)
 Metaspace       used 6429K, capacity 7284K, committed 7552K, reserved 1056768K
  class space    used 607K, capacity 620K, committed 640K, reserved 1048576K
Event: 9.015 GC heap after
Heap after GC invocations=11 (full 2):
 PSYoungGen      total 467456K, used 19350K [0x000000076ab00000, 0x000000078ec80000, 0x00000007c0000000)
  eden space 400896K, 0% used [0x000000076ab00000,0x000000076ab00000,0x0000000783280000)
  from space 66560K, 29% used [0x0000000789000000,0x000000078a2e5a58,0x000000078d100000)
  to   space 28160K, 0% used [0x000000078d100000,0x000000078d100000,0x000000078ec80000)
 ParOldGen       total 318976K, used 176773K [0x00000006c0000000, 0x00000006d3780000, 0x000000076ab00000)
  object space 318976K, 55% used [0x00000006c0000000,0x00000006caca16f8,0x00000006d3780000)
 Metaspace       used 6429K, capacity 7284K, committed 7552K, reserved 1056768K
  class space    used 607K, capacity 620K, committed 640K, reserved 1048576K
}
Event: 10.516 GC heap before
{Heap before GC invocations=12 (full 2):
 PSYoungGen      total 467456K, used 420246K [0x000000076ab00000, 0x000000078ec80000, 0x00000007c0000000)
  eden space 400896K, 100% used [0x000000076ab00000,0x0000000783280000,0x0000000783280000)
  from space 66560K, 29% used [0x0000000789000000,0x000000078a2e5a58,0x000000078d100000)
  to   space 28160K, 0% used [0x000000078d100000,0x000000078d100000,0x000000078ec80000)
 ParOldGen       total 318976K, used 176775K [0x00000006c0000000, 0x00000006d3780000, 0x000000076ab00000)
  object space 318976K, 55% used [0x00000006c0000000,0x00000006caca1e18,0x00000006d3780000)
 Metaspace       used 6441K, capacity 7284K, committed 7552K, reserved 1056768K
  class space    used 607K, capacity 620K, committed 640K, reserved 1048576K
Event: 10.644 GC heap after
Heap after GC invocations=12 (full 2):
 PSYoungGen      total 481792K, used 28133K [0x000000076ab00000, 0x0000000793600000, 0x00000007c0000000)
  eden space 453632K, 0% used [0x000000076ab00000,0x000000076ab00000,0x0000000786600000)
  from space 28160K, 99% used [0x000000078d100000,0x000000078ec79680,0x000000078ec80000)
  to   space 106496K, 0% used [0x0000000786600000,0x0000000786600000,0x000000078ce00000)
 ParOldGen       total 318976K, used 232069K [0x00000006c0000000, 0x00000006d3780000, 0x000000076ab00000)
  object space 318976K, 72% used [0x00000006c0000000,0x00000006ce2a1480,0x00000006d3780000)
 Metaspace       used 6441K, capacity 7284K, committed 7552K, reserved 1056768K
  class space    used 607K, capacity 620K, committed 640K, reserved 1048576K
}
Event: 11.908 GC heap before
{Heap before GC invocations=13 (full 2):
 PSYoungGen      total 481792K, used 481765K [0x000000076ab00000, 0x0000000793600000, 0x00000007c0000000)
  eden space 453632K, 100% used [0x000000076ab00000,0x0000000786600000,0x0000000786600000)
  from space 28160K, 99% used [0x000000078d100000,0x000000078ec79680,0x000000078ec80000)
  to   space 106496K, 0% used [0x0000000786600000,0x0000000786600000,0x000000078ce00000)
 ParOldGen       total 318976K, used 232069K [0x00000006c0000000, 0x00000006d3780000, 0x000000076ab00000)
  object space 318976K, 72% used [0x00000006c0000000,0x00000006ce2a1480,0x00000006d3780000)
 Metaspace       used 6451K, capacity 7284K, committed 7552K, reserved 1056768K
  class space    used 607K, capacity 620K, committed 640K, reserved 1048576K
Event: 12.032 GC heap after
Heap after GC invocations=13 (full 2):
 PSYoungGen      total 560128K, used 71366K [0x000000076ab00000, 0x0000000797b00000, 0x00000007c0000000)
  eden space 453632K, 0% used [0x000000076ab00000,0x000000076ab00000,0x0000000786600000)
  from space 106496K, 67% used [0x0000000786600000,0x000000078abb1b20,0x000000078ce00000)
  to   space 111104K, 0% used [0x0000000790e80000,0x0000000790e80000,0x0000000797b00000)
 ParOldGen       total 318976K, used 260435K [0x00000006c0000000, 0x00000006d3780000, 0x000000076ab00000)
  object space 318976K, 81% used [0x00000006c0000000,0x00000006cfe54f18,0x00000006d3780000)
 Metaspace       used 6451K, capacity 7284K, committed 7552K, reserved 1056768K
  class space    used 607K, capacity 620K, committed 640K, reserved 1048576K
}

